p_lab	            1S0	            3P0	            1P1	            3P1	            1D2	            3D2	            1F3	            3F3	            3S1	            3D1	             E1	            3P2	            3F2	             E2	            3D3	            3G3	             E3
10.000000	       0.075454	       0.000100	       0.000025	      -0.000045	       0.000000	      -0.000000	       0.000000	      -0.000000	      -0.013691	       0.000000	      -0.000026	       0.000001	       0.000000	      -0.000000	       0.000000	       0.000000	      -0.000000
20.000000	       1.260385	       0.004382	       0.001069	      -0.001966	       0.000004	      -0.000005	       0.000000	      -0.000000	      -0.221160	       0.000003	      -0.001290	       0.000043	       0.000000	      -0.000004	       0.000000	       0.000000	      -0.000000
30.000000	       3.556782	       0.024701	       0.005952	      -0.010976	       0.000043	      -0.000065	       0.000000	      -0.000000	      -0.606919	       0.000042	      -0.007415	       0.000253	       0.000000	      -0.000054	       0.000000	       0.000000	      -0.000000
40.000000	       6.356045	       0.074439	       0.017628	      -0.032643	       0.000224	      -0.000333	       0.000003	      -0.000004	      -1.066264	       0.000221	      -0.022261	       0.000820	       0.000001	      -0.000277	       0.000001	       0.000000	      -0.000004
50.000000	       9.333553	       0.166272	       0.038512	      -0.071698	       0.000747	      -0.001120	       0.000015	      -0.000021	      -1.554713	       0.000745	      -0.049085	       0.001983	       0.000008	      -0.000929	       0.000007	       0.000000	      -0.000018
60.000000	      12.310349	       0.311757	       0.070318	      -0.131758	       0.001921	      -0.002894	       0.000056	      -0.000076	      -2.053264	       0.001934	      -0.090376	       0.004047	       0.000028	      -0.002399	       0.000024	       0.000001	      -0.000065
70.000000	      15.179392	       0.521197	       0.114009	      -0.215244	       0.004134	      -0.006273	       0.000160	      -0.000217	      -2.552716	       0.004207	      -0.147819	       0.007370	       0.000080	      -0.005189	       0.000068	       0.000002	      -0.000187
80.000000	      17.877308	       0.803615	       0.169838	      -0.323433	       0.007829	      -0.011970	       0.000384	      -0.000527	      -3.048226	       0.008051	      -0.222323	       0.012354	       0.000196	      -0.009884	       0.000164	       0.000007	      -0.000453
90.000000	      20.370546	       1.166818	       0.237439	      -0.456594	       0.013458	      -0.020745	       0.000813	      -0.001121	      -3.537195	       0.013987	      -0.314107	       0.019425	       0.000423	      -0.017093	       0.000349	       0.000018	      -0.000962
100.000000	      22.646372	       1.617503	       0.315954	      -0.614174	       0.021444	      -0.033343	       0.001550	      -0.002154	      -4.018324	       0.022531	      -0.422821	       0.029016	       0.000822	      -0.027412	       0.000674	       0.000041	      -0.001844
110.000000	      24.706062	       2.161390	       0.404170	      -0.795000	       0.032148	      -0.050444	       0.002722	      -0.003813	      -4.491135	       0.034156	      -0.547675	       0.041540	       0.001473	      -0.041379	       0.001205	       0.000087	      -0.003253
120.000000	      26.559689	       2.803349	       0.500649	      -0.997470	       0.045849	      -0.072629	       0.004467	      -0.006305	      -4.955688	       0.049273	      -0.687563	       0.057382	       0.002468	      -0.059442	       0.002018	       0.000167	      -0.005363
130.000000	      28.222258	       3.547509	       0.603845	      -1.219725	       0.062732	      -0.100351	       0.006926	      -0.009855	      -5.412408	       0.068210	      -0.841183	       0.076876	       0.003907	      -0.081947	       0.003200	       0.000300	      -0.008355
140.000000	      29.711003	       4.397330	       0.712196	      -1.459790	       0.082885	      -0.133929	       0.010238	      -0.014686	      -5.861952	       0.091206	      -1.007127	       0.100306	       0.005900	      -0.109126	       0.004845	       0.000507	      -0.012412
150.000000	      31.043617	       5.355640	       0.824193	      -1.715669	       0.106307	      -0.173552	       0.014533	      -0.021014	      -6.305128	       0.118412	      -1.183957	       0.127895	       0.008556	      -0.141107	       0.007049	       0.000815	      -0.017706
160.000000	      32.237158	       6.424626	       0.938434	      -1.985432	       0.132917	      -0.219287	       0.019922	      -0.029036	      -6.742818	       0.149894	      -1.370261	       0.159807	       0.011982	      -0.177915	       0.009907	       0.001254	      -0.024391
170.000000	      33.307456	       7.605780	       1.053649	      -2.267254	       0.162566	      -0.271095	       0.026497	      -0.038922	      -7.175939	       0.185642	      -1.564688	       0.196149	       0.016281	      -0.219493	       0.013509	       0.001857	      -0.032600
180.000000	      34.268828	       8.899803	       1.168724	      -2.559446	       0.195051	      -0.328851	       0.034328	      -0.050817	      -7.605404	       0.225581	      -1.765979	       0.236979	       0.021543	      -0.265711	       0.017938	       0.002662	      -0.042441
190.000000	      35.134008	      10.306478	       1.282701	      -2.860470	       0.230132	      -0.392359	       0.043461	      -0.064831	      -8.032102	       0.269578	      -1.972973	       0.282309	       0.027852	      -0.316386	       0.023263	       0.003707	      -0.053995
200.000000	      35.914188	      11.824509	       1.394780	      -3.168937	       0.267538	      -0.461375	       0.053917	      -0.081047	      -8.456884	       0.317458	      -2.184618	       0.332117	       0.035275	      -0.371291	       0.029545	       0.005034	      -0.067315
210.000000	      36.619137	      13.451348	       1.504308	      -3.483605	       0.306985	      -0.535616	       0.065696	      -0.099516	      -8.880551	       0.369012	      -2.399967	       0.386347	       0.043862	      -0.430172	       0.036830	       0.006684	      -0.082430
220.000000	      37.257337	      15.183011	       1.610767	      -3.803369	       0.348186	      -0.614775	       0.078775	      -0.120268	      -9.303855	       0.424010	      -2.618180	       0.444921	       0.053651	      -0.492756	       0.045156	       0.008698	      -0.099344
230.000000	      37.836137	      17.013916	       1.713760	      -4.127253	       0.390856	      -0.698526	       0.093108	      -0.143310	      -9.727494	       0.482207	      -2.838513	       0.507734	       0.064659	      -0.558758	       0.054551	       0.011116	      -0.118043
240.000000	      38.361903	      18.936760	       1.812991	      -4.454400	       0.434726	      -0.786535	       0.108633	      -0.168631	     -10.152112	       0.543360	      -3.060311	       0.574666	       0.076889	      -0.627894	       0.065039	       0.013974	      -0.138494
250.000000	      38.840148	      20.942444	       1.908249	      -4.784061	       0.479545	      -0.878462	       0.125275	      -0.196206	     -10.578296	       0.607227	      -3.283006	       0.645572	       0.090325	      -0.699879	       0.076640	       0.017305	      -0.160647
260.000000	      39.275657	      23.020094	       1.999393	      -5.115588	       0.525086	      -0.973963	       0.142943	      -0.225999	     -11.006578	       0.673578	      -3.506103	       0.720288	       0.104941	      -0.774435	       0.089375	       0.021133	      -0.184443
270.000000	      39.672585	      25.157173	       2.086334	      -5.448429	       0.571148	      -1.072699	       0.161543	      -0.257958	     -11.437433	       0.742195	      -3.729173	       0.798631	       0.120700	      -0.851294	       0.103265	       0.025477	      -0.209812
280.000000	      40.034549	      27.339699	       2.169027	      -5.782113	       0.617553	      -1.174333	       0.180976	      -0.292023	     -11.871275	       0.812878	      -3.951849	       0.880397	       0.137559	      -0.930198	       0.118331	       0.030346	      -0.236677
290.000000	      40.364699	      29.552568	       2.247460	      -6.116244	       0.664147	      -1.278540	       0.201148	      -0.328121	     -12.308467	       0.885437	      -4.173817	       0.965368	       0.155473	      -1.010904	       0.134590	       0.035740	      -0.264953
300.000000	      40.665782	      31.779967	       2.321652	      -6.450495	       0.710791	      -1.385011	       0.221970	      -0.366164	     -12.749314	       0.959695	      -4.394804	       1.053314	       0.174399	      -1.093179	       0.152056	       0.041652	      -0.294556
310.000000	      40.940188	      34.005834	       2.391648	      -6.784589	       0.757361	      -1.493455	       0.243363	      -0.406054	     -13.194074	       1.035478	      -4.614581	       1.144001	       0.194297	      -1.176808	       0.170730	       0.048066	      -0.325395
320.000000	      41.190002	      36.214351	       2.457517	      -7.118295	       0.803740	      -1.603606	       0.265259	      -0.447676	     -13.642965	       1.112619	      -4.832948	       1.237198	       0.215137	      -1.261586	       0.190603	       0.054963	      -0.357380
330.000000	      41.417044	      38.390408	       2.519357	      -7.451411	       0.849814	      -1.715225	       0.287601	      -0.490910	     -14.096168	       1.190947	      -5.049736	       1.332680	       0.236892	      -1.347325	       0.211648	       0.062324	      -0.390421
340.000000	      41.622906	      40.520016	       2.577291	      -7.783760	       0.895470	      -1.828102	       0.310342	      -0.535627	     -14.553841	       1.270291	      -5.264800	       1.430241	       0.259538	      -1.433849	       0.233823	       0.070132	      -0.424427
350.000000	      41.808984	      42.590638	       2.631463	      -8.115180	       0.940600	      -1.942050	       0.333439	      -0.581695	     -15.016125	       1.350482	      -5.478014	       1.529688	       0.283055	      -1.520994	       0.257073	       0.078376	      -0.459311
360.000000	      41.976519	      44.591424	       2.682037	      -8.445517	       0.985099	      -2.056909	       0.356848	      -0.628989	     -15.483148	       1.431355	      -5.689273	       1.630843	       0.307416	      -1.608607	       0.281330	       0.087052	      -0.494985
370.000000	      42.126618	      46.513341	       2.729188	      -8.774627	       1.028872	      -2.172531	       0.380524	      -0.677391	     -15.955032	       1.512754	      -5.898489	       1.733542	       0.332586	      -1.696545	       0.306527	       0.096167	      -0.531366
380.000000	      42.260282	      48.349212	       2.773092	      -9.102378	       1.071842	      -2.288780	       0.404411	      -0.726799	     -16.431892	       1.594538	      -6.105589	       1.837626	       0.358518	      -1.784677	       0.332595	       0.105736	      -0.568373
390.000000	      42.378427	      50.093679	       2.813922	      -9.428648	       1.113948	      -2.405520	       0.428442	      -0.777127	     -16.913836	       1.676589	      -6.310512	       1.942935	       0.385151	      -1.872876	       0.359478	       0.115781	      -0.605928
400.000000	      42.481892	      51.743091	       2.851832	      -9.753335	       1.155155	      -2.522615	       0.452544	      -0.828305	     -17.400956	       1.758815	      -6.513213	       2.049301	       0.412409	      -1.961027	       0.387132	       0.126327	      -0.643956
410.000000	      42.571449	      53.295362	       2.886962	     -10.076359	       1.195452	      -2.639919	       0.476631	      -0.880279	     -17.893333	       1.841148	      -6.713655	       2.156540	       0.440207	      -2.049020	       0.415532	       0.137395	      -0.682387
420.000000	      42.647808	      54.749789	       2.919425	     -10.397663	       1.234850	      -2.757281	       0.500617	      -0.933005	     -18.391019	       1.923543	      -6.911810	       2.264458	       0.468453	      -2.136753	       0.444665	       0.148998	      -0.721152
430.000000	      42.711614	      56.106856	       2.949315	     -10.717219	       1.273374	      -2.874547	       0.524422	      -0.986443	     -18.894046	       2.005973	      -7.107653	       2.372846	       0.497057	      -2.224131	       0.474531	       0.161138	      -0.760185
440.000000	      42.763445	      57.368036	       2.976711	     -11.035016	       1.311061	      -2.991562	       0.547973	      -1.040548	     -19.402415	       2.088422	      -7.301166	       2.481488	       0.525938	      -2.311066	       0.505133	       0.173797	      -0.799424
450.000000	      42.803813	      58.535597	       3.001684	     -11.351064	       1.347946	      -3.108180	       0.571217	      -1.095266	     -19.916103	       2.170871	      -7.492328	       2.590171	       0.555032	      -2.397477	       0.536471	       0.186943	      -0.838808
460.000000	      42.833166	      59.612417	       3.024306	     -11.665379	       1.384052	      -3.224274	       0.594124	      -1.150529	     -20.435066	       2.253293	      -7.681118	       2.698691	       0.584294	      -2.483291	       0.568531	       0.200526	      -0.878280
470.000000	      42.851890	      60.601812	       3.044662	     -11.977975	       1.419388	      -3.339737	       0.616685	      -1.206249	     -20.959248	       2.335646	      -7.867516	       2.806868	       0.613699	      -2.568438	       0.601279	       0.214483	      -0.917785
480.000000	      42.860321	      61.507393	       3.062852	     -12.288858	       1.453943	      -3.454488	       0.638914	      -1.262323	     -21.488585	       2.417868	      -8.051496	       2.914547	       0.643247	      -2.652855	       0.634661	       0.228748	      -0.957271
490.000000	      42.858758	      62.332933	       3.078995	     -12.598016	       1.487684	      -3.568475	       0.660841	      -1.318638	     -22.023020	       2.499879	      -8.233035	       3.021605	       0.672949	      -2.736481	       0.668599	       0.243255	      -0.996687
500.000000	      42.847472	      63.082271	       3.093229	     -12.905414	       1.520564	      -3.681669	       0.682503	      -1.375074	     -22.562504	       2.581585	      -8.412108	       3.127949	       0.702825	      -2.819257	       0.702996	       0.257950	      -1.035989
510.000000	      42.826724	      63.759230	       3.105704	     -13.210999	       1.552527	      -3.794058	       0.703936	      -1.431517	     -23.107009	       2.662888	      -8.588693	       3.233504	       0.732889	      -2.901127	       0.737749	       0.272794	      -1.075131
520.000000	      42.796777	      64.367563	       3.116572	     -13.514698	       1.583522	      -3.905636	       0.725164	      -1.487866	     -23.656520	       2.743698	      -8.762775	       3.338213	       0.763147	      -2.982034	       0.772754	       0.287772	      -1.114072
530.000000	      42.757900	      64.910916	       3.125976	     -13.816429	       1.613508	      -4.016394	       0.746191	      -1.544043	     -24.211041	       2.823940	      -8.934342	       3.442017	       0.793583	      -3.061923	       0.807919	       0.302891	      -1.152776
540.000000	      42.710374	      65.392813	       3.134039	     -14.116109	       1.642470	      -4.126309	       0.767000	      -1.599995	     -24.770586	       2.903564	      -9.103389	       3.544846	       0.824156	      -3.140737	       0.843173	       0.318181	      -1.191205
550.000000	      42.654487	      65.816640	       3.140857	     -14.413665	       1.670418	      -4.235336	       0.787545	      -1.655697	     -25.335170	       2.982554	      -9.269916	       3.646611	       0.854803	      -3.218421	       0.878473	       0.333684	      -1.229326
560.000000	      42.590529	      66.185654	       3.146491	     -14.709043	       1.697391	      -4.343406	       0.807764	      -1.711148	     -25.904801	       3.060919	      -9.433926	       3.747200	       0.885438	      -3.294925	       0.913805	       0.349452	      -1.267107
570.000000	      42.518782	      66.502978	       3.150972	     -15.002213	       1.723453	      -4.450427	       0.827582	      -1.766365	     -26.479471	       3.138698	      -9.595426	       3.846475	       0.915965	      -3.370198	       0.949182	       0.365532	      -1.304515
580.000000	      42.439504	      66.771605	       3.154301	     -15.293171	       1.748686	      -4.556286	       0.846919	      -1.821371	     -27.059148	       3.215943	      -9.754417	       3.944279	       0.946285	      -3.444196	       0.984633	       0.381955	      -1.341519
590.000000	      42.352925	      66.994396	       3.156464	     -15.581940	       1.773176	      -4.660861	       0.865708	      -1.876186	     -27.643772	       3.292711	      -9.910901	       4.040448	       0.976310	      -3.516880	       1.020194	       0.398732	      -1.378088
600.000000	      42.259236	      67.174081	       3.157444	     -15.868555	       1.797000	      -4.764034	       0.883901	      -1.930813	     -28.233256	       3.369046	     -10.064870	       4.134825	       1.005972	      -3.588216	       1.055896	       0.415846	      -1.414192
610.000000	      42.158588	      67.313245	       3.157232	     -16.153061	       1.820217	      -4.865702	       0.901481	      -1.985231	     -28.827487	       3.444972	     -10.216309	       4.227270	       1.035234	      -3.658175	       1.091750	       0.433252	      -1.449800
620.000000	      42.051095	      67.414326	       3.155840	     -16.435496	       1.842856	      -4.965784	       0.918461	      -2.039390	     -29.426339	       3.520479	     -10.365198	       4.317672	       1.064091	      -3.726732	       1.127740	       0.450876	      -1.484883
630.000000	      41.936842	      67.479602	       3.153310	     -16.715880	       1.864912	      -5.064233	       0.934887	      -2.093210	     -30.029676	       3.595526	     -10.511507	       4.405960	       1.092569	      -3.793864	       1.163816	       0.468631	      -1.519412
640.000000	      41.815898	      67.511191	       3.149718	     -16.994204	       1.886350	      -5.161034	       0.950828	      -2.146588	     -30.637370	       3.670036	     -10.655206	       4.492104	       1.120719	      -3.859549	       1.199898	       0.486420	      -1.553362
650.000000	      41.688329	      67.511046	       3.145164	     -17.270428	       1.907104	      -5.256206	       0.966368	      -2.199403	     -31.249305	       3.743913	     -10.796263	       4.576107	       1.148607	      -3.923762	       1.235880	       0.504151	      -1.586709
660.000000	      41.554216	      67.480961	       3.139774	     -17.544477	       1.927099	      -5.349785	       0.981592	      -2.251532	     -31.865391	       3.817045	     -10.934648	       4.658001	       1.176298	      -3.986476	       1.271642	       0.521752	      -1.619433
670.000000	      41.413660	      67.422583	       3.133678	     -17.816243	       1.946257	      -5.441821	       0.996573	      -2.302864	     -32.485565	       3.889328	     -11.070338	       4.737827	       1.203846	      -4.047661	       1.307061	       0.539178	      -1.651514
680.000000	      41.266796	      67.337426	       3.126997	     -18.085602	       1.964512	      -5.532359	       1.011358	      -2.353307	     -33.109790	       3.960675	     -11.203319	       4.815625	       1.231279	      -4.107284	       1.342031	       0.556415	      -1.682938
690.000000	      41.113791	      67.226894	       3.119835	     -18.352418	       1.981828	      -5.621425	       1.025961	      -2.402804	     -33.738055	       4.031031	     -11.333582	       4.891418	       1.258594	      -4.165307	       1.376474	       0.573488	      -1.713690
700.000000	      40.954839	      67.092298	       3.112258	     -18.616559	       1.998202	      -5.709017	       1.040360	      -2.451334	     -34.370364	       4.100379	     -11.461130	       4.965197	       1.285751	      -4.221693	       1.410344	       0.590448	      -1.743757
710.000000	      40.790153	      66.934881	       3.104295	     -18.877916	       2.013670	      -5.795097	       1.054498	      -2.498910	     -35.006724	       4.168742	     -11.585969	       5.036919	       1.312676	      -4.276408	       1.443640	       0.607370	      -1.773126
720.000000	      40.619951	      66.755830	       3.095933	     -19.136402	       2.028303	      -5.879591	       1.068294	      -2.545577	     -35.647135	       4.236178	     -11.708112	       5.106506	       1.339272	      -4.329417	       1.476393	       0.624338	      -1.801785
730.000000	      40.444442	      66.556295	       3.087126	     -19.391968	       2.042198	      -5.962393	       1.081650	      -2.591398	     -36.291578	       4.302767	     -11.827569	       5.173852	       1.365429	      -4.380695	       1.508667	       0.641429	      -1.829719
740.000000	      40.263809	      66.337392	       3.077804	     -19.644598	       2.055466	      -6.043375	       1.094475	      -2.636440	     -36.940005	       4.368598	     -11.944346	       5.238836	       1.391040	      -4.430221	       1.540536	       0.658701	      -1.856912
750.000000	      40.078202	      66.100207	       3.067888	     -19.894304	       2.068215	      -6.122399	       1.106689	      -2.680759	     -37.592332	       4.433748	     -12.058445	       5.301333	       1.416014	      -4.477983	       1.572078	       0.676184	      -1.883346
760.000000	      39.887730	      65.845785	       3.057311	     -20.141115	       2.080532	      -6.199338	       1.118245	      -2.724387	     -38.248442	       4.498273	     -12.169858	       5.361239	       1.440294	      -4.523975	       1.603351	       0.693867	      -1.909005
770.000000	      39.692461	      65.575127	       3.046026	     -20.385067	       2.092475	      -6.274084	       1.129132	      -2.767323	     -38.908183	       4.562189	     -12.278568	       5.418478	       1.463858	      -4.568196	       1.634383	       0.711703	      -1.933868
780.000000	      39.492428	      65.289178	       3.034023	     -20.626181	       2.104061	      -6.346566	       1.139383	      -2.809525	     -39.571382	       4.625465	     -12.384551	       5.473017	       1.486728	      -4.610650	       1.665163	       0.729609	      -1.957917
790.000000	      39.287643	      64.988816	       3.021335	     -20.864455	       2.115263	      -6.416751	       1.149067	      -2.850913	     -40.237853	       4.688030	     -12.487776	       5.524870	       1.508964	      -4.651340	       1.695641	       0.747477	      -1.981137
800.000000	      39.078106	      64.674840	       3.008033	     -21.099853	       2.126017	      -6.484649	       1.158283	      -2.891375	     -40.907412	       4.749773	     -12.588212	       5.574092	       1.530653	      -4.690267	       1.725726	       0.765189	      -2.003513
810.000000	      38.863827	      64.347974	       2.994224	     -21.332293	       2.136232	      -6.550307	       1.167146	      -2.930779	     -41.579887	       4.810558	     -12.685828	       5.620778	       1.551899	      -4.727429	       1.755300	       0.782629	      -2.025034
820.000000	      38.644838	      64.008859	       2.980036	     -21.561652	       2.145800	      -6.613796	       1.175768	      -2.968989	     -42.255133	       4.870241	     -12.780598	       5.665040	       1.572804	      -4.762817	       1.784232	       0.799704	      -2.045693
830.000000	      38.421203	      63.658067	       2.965601	     -21.787771	       2.154620	      -6.675197	       1.184248	      -3.005879	     -42.933038	       4.928692	     -12.872504	       5.706998	       1.593453	      -4.796417	       1.812396	       0.816349	      -2.065486
840.000000	      38.193030	      63.296108	       2.951039	     -22.010463	       2.162608	      -6.734585	       1.192651	      -3.041352	     -43.613525	       4.985805	     -12.961539	       5.746757	       1.613902	      -4.828208	       1.839685	       0.832543	      -2.084412
850.000000	      37.960465	      62.923444	       2.936443	     -22.229530	       2.169717	      -6.792014	       1.201003	      -3.075346	     -44.296552	       5.041517	     -13.047705	       5.784393	       1.634163	      -4.858169	       1.866028	       0.848307	      -2.102473
860.000000	      37.723689	      62.540511	       2.921866	     -22.444779	       2.175941	      -6.847502	       1.209284	      -3.107844	     -44.982103	       5.095814	     -13.131015	       5.819943	       1.654207	      -4.886274	       1.891397	       0.863702	      -2.119669
870.000000	      37.482910	      62.147731	       2.907313	     -22.656035	       2.181319	      -6.901024	       1.217434	      -3.138875	     -45.670180	       5.148727	     -13.211488	       5.853402	       1.673963	      -4.912502	       1.915813	       0.878819	      -2.136003
880.000000	      37.238342	      61.745530	       2.892745	     -22.863157	       2.185935	      -6.952511	       1.225358	      -3.168503	     -46.360788	       5.200331	     -13.289148	       5.884720	       1.693330	      -4.936836	       1.939337	       0.893766	      -2.151475
890.000000	      36.990197	      61.334345	       2.878083	     -23.066042	       2.189900	      -7.001857	       1.232943	      -3.196819	     -47.053921	       5.250726	     -13.364020	       5.913815	       1.712187	      -4.959265	       1.962064	       0.908654	      -2.166082
900.000000	      36.738660	      60.914631	       2.863225	     -23.264627	       2.193345	      -7.048924	       1.240072	      -3.223926	     -47.749548	       5.300023	     -13.436125	       5.940588	       1.730413	      -4.979788	       1.984109	       0.923574	      -2.179820
