p_lab	            1S0	            3P0	            1P1	            3P1	            1D2	            3D2	            1F3	            3F3	            3S1	            3D1	             E1	            3P2	            3F2	             E2	            3D3	            3G3	             E3
10.000000	       0.067400	       0.000094	       0.000025	      -0.000045	       0.000000	      -0.000000	       0.000000	      -0.000000	      -0.019639	       0.000000	      -0.000025	       0.000001	       0.000000	      -0.000000	       0.000000	       0.000000	      -0.000000
20.000000	       1.121988	       0.004117	       0.001069	      -0.001971	       0.000004	      -0.000005	       0.000000	      -0.000000	      -0.316760	       0.000003	      -0.001219	       0.000036	       0.000000	      -0.000004	       0.000000	       0.000000	      -0.000000
30.000000	       3.156257	       0.023184	       0.005951	      -0.011003	       0.000043	      -0.000065	       0.000000	      -0.000000	      -0.868637	       0.000042	      -0.006991	       0.000214	       0.000000	      -0.000054	       0.000000	       0.000000	      -0.000000
40.000000	       5.627838	       0.069771	       0.017623	      -0.032725	       0.000224	      -0.000334	       0.000003	      -0.000004	      -1.526445	       0.000217	      -0.020951	       0.000700	       0.000001	      -0.000277	       0.000001	       0.000000	      -0.000004
50.000000	       8.253830	       0.155565	       0.038503	      -0.071883	       0.000747	      -0.001120	       0.000015	      -0.000021	      -2.228081	       0.000732	      -0.046128	       0.001715	       0.000008	      -0.000929	       0.000006	       0.000000	      -0.000018
60.000000	      10.881704	       0.291042	       0.070304	      -0.132105	       0.001920	      -0.002896	       0.000056	      -0.000076	      -2.947671	       0.001901	      -0.084827	       0.003539	       0.000028	      -0.002398	       0.000023	       0.000001	      -0.000065
70.000000	      13.421359	       0.485303	       0.113990	      -0.215826	       0.004133	      -0.006275	       0.000159	      -0.000217	      -3.673026	       0.004135	      -0.138593	       0.006513	       0.000080	      -0.005188	       0.000065	       0.000002	      -0.000187
80.000000	      15.819286	       0.746037	       0.169819	      -0.324332	       0.007827	      -0.011974	       0.000384	      -0.000527	      -4.397867	       0.007919	      -0.208244	       0.011022	       0.000196	      -0.009880	       0.000159	       0.000007	      -0.000453
90.000000	      18.046414	       1.079558	       0.237427	      -0.457900	       0.013457	      -0.020750	       0.000812	      -0.001121	      -5.118843	       0.013770	      -0.293955	       0.017475	       0.000422	      -0.017086	       0.000341	       0.000018	      -0.000962
100.000000	      20.090640	       1.490906	       0.315964	      -0.615983	       0.021446	      -0.033346	       0.001550	      -0.002155	      -5.834220	       0.022204	      -0.395371	       0.026290	       0.000822	      -0.027400	       0.000665	       0.000041	      -0.001844
110.000000	      21.951413	       1.983968	       0.404220	      -0.797413	       0.032159	      -0.050442	       0.002723	      -0.003812	      -6.543242	       0.033703	      -0.511728	       0.037868	       0.001473	      -0.041359	       0.001198	       0.000087	      -0.003253
120.000000	      23.635635	       2.561603	       0.500763	      -1.000594	       0.045878	      -0.072612	       0.004469	      -0.006303	      -7.245769	       0.048687	      -0.641975	       0.052578	       0.002470	      -0.059410	       0.002019	       0.000167	      -0.005362
130.000000	      25.154591	       3.225761	       0.604047	      -1.223675	       0.062794	      -0.100305	       0.006933	      -0.009847	      -7.942060	       0.067504	      -0.784878	       0.070740	       0.003914	      -0.081896	       0.003221	       0.000301	      -0.008355
140.000000	      26.521765	       3.977568	       0.712509	      -1.464686	       0.083001	      -0.133833	       0.010256	      -0.014667	      -8.632629	       0.090416	      -0.939110	       0.092619	       0.005918	      -0.109051	       0.004903	       0.000509	      -0.012411
150.000000	      27.751346	       4.817400	       0.824635	      -1.721645	       0.106505	      -0.173378	       0.014570	      -0.020974	      -9.318146	       0.117601	      -1.103321	       0.118419	       0.008593	      -0.140996	       0.007166	       0.000820	      -0.017704
160.000000	      28.857282	       5.744914	       0.939016	      -1.992630	       0.133230	      -0.218999	       0.019993	      -0.028959	      -9.999366	       0.149154	      -1.276185	       0.148282	       0.012053	      -0.177758	       0.010111	       0.001264	      -0.024387
170.000000	      29.852717	       6.759065	       1.054372	      -2.275830	       0.163030	      -0.270652	       0.026624	      -0.038787	     -10.677079	       0.185095	      -1.456441	       0.182294	       0.016406	      -0.219276	       0.013830	       0.001879	      -0.032594
180.000000	      30.749692	       7.858098	       1.169580	      -2.569567	       0.195705	      -0.328209	       0.034538	      -0.050591	     -11.352081	       0.225374	      -1.642907	       0.220490	       0.021752	      -0.265416	       0.018406	       0.002703	      -0.042431
190.000000	      31.559033	       9.039522	       1.283677	      -2.872312	       0.231010	      -0.391474	       0.043791	      -0.064475	     -12.025146	       0.269885	      -1.834498	       0.262865	       0.028181	      -0.315991	       0.023906	       0.003782	      -0.053978
200.000000	      32.290346	      10.300079	       1.395858	      -3.182679	       0.268668	      -0.460206	       0.054412	      -0.080512	     -12.697020	       0.318472	      -2.030231	       0.309383	       0.035766	      -0.370772	       0.030382	       0.005162	      -0.067289
210.000000	      32.952075	      11.635707	       1.505473	      -3.499424	       0.308386	      -0.534126	       0.066404	      -0.098748	     -13.368416	       0.370942	      -2.229218	       0.359981	       0.044567	      -0.429499	       0.037872	       0.006892	      -0.082390
220.000000	      33.551605	      13.041501	       1.612012	      -3.821435	       0.349865	      -0.612932	       0.079746	      -0.119206	     -14.040006	       0.427078	      -2.430669	       0.414579	       0.054620	      -0.491894	       0.046401	       0.009023	      -0.099287
230.000000	      34.095376	      14.511696	       1.715087	      -4.147723	       0.392810	      -0.696305	       0.094394	      -0.141893	     -14.712426	       0.486651	      -2.633882	       0.473076	       0.065943	      -0.557668	       0.055986	       0.011603	      -0.117961
240.000000	      34.588995	      16.039665	       1.814414	      -4.477413	       0.436944	      -0.783910	       0.110280	      -0.166799	     -15.386271	       0.549426	      -2.838241	       0.535357	       0.078532	      -0.626529	       0.066643	       0.014678	      -0.138379
250.000000	      35.037353	      17.617943	       1.909792	      -4.809741	       0.482013	      -0.875403	       0.127317	      -0.193907	     -16.062099	       0.615180	      -3.043202	       0.601281	       0.092363	      -0.698186	       0.078387	       0.018287	      -0.160489
260.000000	      35.444719	      19.238294	       2.001081	      -5.144045	       0.527794	      -0.970432	       0.145403	      -0.223188	     -16.740421	       0.683703	      -3.248293	       0.670684	       0.107398	      -0.772354	       0.091243	       0.022461	      -0.184230
270.000000	      35.814825	      20.891812	       2.088191	      -5.479759	       0.574092	      -1.068638	       0.164430	      -0.254601	     -17.421701	       0.754801	      -3.453100	       0.743377	       0.123584	      -0.848757	       0.105239	       0.027219	      -0.209530
280.000000	      36.150940	      22.569068	       2.171064	      -5.816408	       0.620747	      -1.169661	       0.184285	      -0.288094	     -18.106352	       0.828301	      -3.657266	       0.819143	       0.140864	      -0.927129	       0.120410	       0.032565	      -0.236307
290.000000	      36.455924	      24.260291	       2.249668	      -6.153600	       0.667621	      -1.273149	       0.204863	      -0.323599	     -18.794733	       0.904041	      -3.860478	       0.897742	       0.159184	      -1.007216	       0.136790	       0.038492	      -0.264476
300.000000	      36.732273	      25.955566	       2.323997	      -6.491011	       0.714591	      -1.378764	       0.226073	      -0.361026	     -19.487147	       0.981867	      -4.062465	       0.978918	       0.178497	      -1.088778	       0.154409	       0.044979	      -0.293947
310.000000	      36.982163	      27.645058	       2.394069	      -6.828373	       0.761547	      -1.486189	       0.247837	      -0.400267	     -20.183850	       1.061627	      -4.262988	       1.062411	       0.198766	      -1.171588	       0.173280	       0.051994	      -0.324627
320.000000	      37.207484	      29.319218	       2.459933	      -7.165461	       0.808374	      -1.595139	       0.270100	      -0.441192	     -20.885051	       1.143158	      -4.461840	       1.147967	       0.219970	      -1.255435	       0.193398	       0.059502	      -0.356421
330.000000	      37.409871	      30.968977	       2.521672	      -7.502074	       0.854954	      -1.705364	       0.292823	      -0.483654	     -21.590925	       1.226286	      -4.658835	       1.235349	       0.242101	      -1.340117	       0.214730	       0.067466	      -0.389233
340.000000	      37.590743	      32.585908	       2.579406	      -7.838023	       0.901158	      -1.816650	       0.315980	      -0.527492	     -22.301624	       1.310825	      -4.853808	       1.324346	       0.265158	      -1.425450	       0.237219	       0.075856	      -0.422970
350.000000	      37.751338	      34.162348	       2.633289	      -8.173124	       0.946851	      -1.928820	       0.339554	      -0.572546	     -23.017285	       1.396574	      -5.046612	       1.414776	       0.289143	      -1.511258	       0.260783	       0.084657	      -0.457536
360.000000	      37.892745	      35.691485	       2.683505	      -8.507189	       0.991898	      -2.041724	       0.363521	      -0.618657	     -23.738046	       1.483334	      -5.237118	       1.506484	       0.314050	      -1.597377	       0.285323	       0.093868	      -0.492842
370.000000	      38.015940	      37.167401	       2.730254	      -8.840028	       1.036173	      -2.155228	       0.387849	      -0.665685	     -24.464047	       1.570908	      -5.425210	       1.599335	       0.339857	      -1.683651	       0.310738	       0.103509	      -0.528797
380.000000	      38.121817	      38.585099	       2.773742	      -9.171452	       1.079568	      -2.269205	       0.412485	      -0.713513	     -25.195435	       1.659124	      -5.610787	       1.693202	       0.366519	      -1.769934	       0.336932	       0.113614	      -0.565316
390.000000	      38.211203	      39.940488	       2.814162	      -9.501286	       1.122007	      -2.383522	       0.437355	      -0.762053	     -25.932360	       1.747834	      -5.793762	       1.787953	       0.393963	      -1.856085	       0.363828	       0.124235	      -0.602313
400.000000	      38.284880	      41.230368	       2.851684	      -9.829371	       1.163450	      -2.498027	       0.462359	      -0.811243	     -26.674973	       1.836932	      -5.974061	       1.883437	       0.422092	      -1.941972	       0.391377	       0.135424	      -0.639709
410.000000	      38.343583	      42.452388	       2.886441	     -10.155582	       1.203895	      -2.612550	       0.487383	      -0.861050	     -27.423412	       1.926348	      -6.151620	       1.979477	       0.450787	      -2.027469	       0.419561	       0.147231	      -0.677426
420.000000	      38.388003	      43.605004	       2.918530	     -10.479829	       1.243378	      -2.726897	       0.512302	      -0.911452	     -28.177793	       2.016051	      -6.326381	       2.075863	       0.479917	      -2.112457	       0.448390	       0.159693	      -0.715389
430.000000	      38.418776	      44.687420	       2.948009	     -10.802061	       1.281956	      -2.840862	       0.536998	      -0.962435	     -28.938202	       2.106031	      -6.498294	       2.172361	       0.509354	      -2.196825	       0.477895	       0.172821	      -0.753524
440.000000	      38.436473	      45.699520	       2.974916	     -11.122259	       1.319703	      -2.954232	       0.561370	      -1.013971	     -29.704685	       2.196291	      -6.667310	       2.268718	       0.538985	      -2.280469	       0.508113	       0.186597	      -0.791762
450.000000	      38.441592	      46.641789	       2.999277	     -11.440429	       1.356682	      -3.066804	       0.585344	      -1.066013	     -30.477249	       2.286826	      -6.833380	       2.364680	       0.568725	      -2.363296	       0.539077	       0.200970	      -0.830033
460.000000	      38.434555	      47.515227	       3.021126	     -11.756586	       1.392940	      -3.178399	       0.608887	      -1.118484	     -31.255860	       2.377609	      -6.996453	       2.460012	       0.598525	      -2.445216	       0.570791	       0.215859	      -0.868272
470.000000	      38.415707	      48.321254	       3.040519	     -12.070739	       1.428489	      -3.288875	       0.632006	      -1.171270	     -32.040457	       2.468577	      -7.156474	       2.554511	       0.628375	      -2.526148	       0.603227	       0.231162	      -0.906413
480.000000	      38.385332	      49.061614	       3.057548	     -12.382872	       1.463301	      -3.398133	       0.654744	      -1.224226	     -32.830957	       2.559627	      -7.313386	       2.648020	       0.658301	      -2.606017	       0.636316	       0.246767	      -0.944397
490.000000	      38.343662	      49.738283	       3.072348	     -12.692935	       1.497310	      -3.506121	       0.677172	      -1.277183	     -33.627275	       2.650617	      -7.467130	       2.740434	       0.688355	      -2.684749	       0.669945	       0.262565	      -0.982163
500.000000	      38.290903	      50.353382	       3.085086	     -13.000837	       1.530421	      -3.612822	       0.699374	      -1.329962	     -34.429334	       2.741377	      -7.617648	       2.831698	       0.718600	      -2.762272	       0.703971	       0.278468	      -1.019657
510.000000	      38.227259	      50.909110	       3.095960	     -13.306440	       1.562523	      -3.718251	       0.721425	      -1.382391	     -35.237080	       2.831725	      -7.764884	       2.921793	       0.749091	      -2.838514	       0.738233	       0.294419	      -1.056827
520.000000	      38.152949	      51.407689	       3.105171	     -13.609576	       1.593510	      -3.822426	       0.743381	      -1.434321	     -36.050490	       2.921486	      -7.908790	       3.010718	       0.779861	      -2.913402	       0.772572	       0.310400	      -1.093624
530.000000	      38.068223	      51.851328	       3.112911	     -13.910055	       1.623299	      -3.925358	       0.765259	      -1.485642	     -36.869572	       3.010514	      -8.049324	       3.098471	       0.810903	      -2.986861	       0.806851	       0.326438	      -1.130004
540.000000	      37.973369	      52.242211	       3.119338	     -14.207682	       1.651848	      -4.027029	       0.787029	      -1.536288	     -37.694364	       3.098707	      -8.186452	       3.185026	       0.842168	      -3.058815	       0.840972	       0.342596	      -1.165924
550.000000	      37.868709	      52.582485	       3.124561	     -14.502281	       1.679166	      -4.127378	       0.808619	      -1.586246	     -38.524924	       3.186015	      -8.320151	       3.270318	       0.873556	      -3.129190	       0.874888	       0.358965	      -1.201342
560.000000	      37.754588	      52.874272	       3.128633	     -14.793705	       1.705313	      -4.226297	       0.829916	      -1.635543	     -39.361312	       3.272444	      -8.450399	       3.354232	       0.904933	      -3.197911	       0.908604	       0.375649	      -1.236220
570.000000	      37.631355	      53.119678	       3.131550	     -15.081855	       1.730396	      -4.323629	       0.850783	      -1.684237	     -40.203580	       3.358046	      -8.577182	       3.436604	       0.936140	      -3.264913	       0.942170	       0.392741	      -1.270518
580.000000	      37.499342	      53.320796	       3.133261	     -15.366676	       1.754549	      -4.419186	       0.871082	      -1.732397	     -41.051749	       3.442897	      -8.700483	       3.517234	       0.967013	      -3.330135	       0.975672	       0.410312	      -1.304196
590.000000	      37.358845	      53.479715	       3.133689	     -15.648155	       1.777918	      -4.512758	       0.890689	      -1.780081	     -41.905802	       3.527079	      -8.820284	       3.595902	       0.997410	      -3.393524	       1.009204	       0.428388	      -1.337215
600.000000	      37.210102	      53.598509	       3.132754	     -15.926311	       1.800632	      -4.604141	       0.909519	      -1.827318	     -42.765671	       3.610654	      -8.936561	       3.672395	       1.027224	      -3.455038	       1.042847	       0.446945	      -1.369534
610.000000	      37.053291	      53.679227	       3.130395	     -16.201169	       1.822783	      -4.693157	       0.927542	      -1.874090	     -43.631239	       3.693639	      -9.049283	       3.746528	       1.056403	      -3.514641	       1.076649	       0.465906	      -1.401112
620.000000	      36.888528	      53.723869	       3.126592	     -16.472746	       1.844412	      -4.779674	       0.944782	      -1.920326	     -44.502342	       3.775996	      -9.158411	       3.818168	       1.084951	      -3.572305	       1.110606	       0.485150	      -1.431910
630.000000	      36.715878	      53.734362	       3.121385	     -16.741022	       1.865497	      -4.863615	       0.961321	      -1.965899	     -45.378783	       3.857620	      -9.263903	       3.887248	       1.112932	      -3.628001	       1.144653	       0.504519	      -1.461891
640.000000	      36.535375	      53.712534	       3.114870	     -17.005925	       1.885957	      -4.944966	       0.977286	      -2.010637	     -46.260347	       3.938346	      -9.365713	       3.953768	       1.140450	      -3.681706	       1.178669	       0.523846	      -1.491021
650.000000	      36.347045	      53.660092	       3.107202	     -17.267322	       1.905667	      -5.023767	       0.992828	      -2.054341	     -47.146821	       4.017968	      -9.463794	       4.017792	       1.167636	      -3.733390	       1.212483	       0.542976	      -1.519268
660.000000	      36.150931	      53.578609	       3.098570	     -17.525017	       1.924474	      -5.100098	       1.008099	      -2.096805	     -48.038014	       4.096257	      -9.558107	       4.079428	       1.194622	      -3.783019	       1.245900	       0.561782	      -1.546607
670.000000	      35.947119	      53.469518	       3.089180	     -17.778755	       1.942227	      -5.174055	       1.023225	      -2.137844	     -48.933769	       4.172991	      -9.648619	       4.138801	       1.221512	      -3.830553	       1.278726	       0.580191	      -1.573017
680.000000	      35.735749	      53.334122	       3.079227	     -18.028247	       1.958800	      -5.245725	       1.038288	      -2.177314	     -49.833976	       4.247983	      -9.735304	       4.196031	       1.248366	      -3.875947	       1.310791	       0.598189	      -1.598478
690.000000	      35.517025	      53.173608	       3.068864	     -18.273186	       1.974118	      -5.315161	       1.053307	      -2.215129	     -50.738574	       4.321104	      -9.818150	       4.251202	       1.275186	      -3.919150	       1.341974	       0.615827	      -1.622976
700.000000	      35.291211	      52.989073	       3.058188	     -18.513275	       1.988167	      -5.382364	       1.068239	      -2.251271	     -51.647546	       4.392295	      -9.897154	       4.304340	       1.301904	      -3.960113	       1.372221	       0.633206	      -1.646499
710.000000	      35.058616	      52.781553	       3.047225	     -18.748250	       2.001007	      -5.447270	       1.082975	      -2.285785	     -52.560909	       4.461569	      -9.972319	       4.355409	       1.328396	      -3.998787	       1.401550	       0.650469	      -1.669031
720.000000	      34.819573	      52.552049	       3.035928	     -18.977897	       2.012757	      -5.509746	       1.097363	      -2.318769	     -53.478696	       4.529005	     -10.043657	       4.404304	       1.354491	      -4.035131	       1.430041	       0.667770	      -1.690560
730.000000	      34.574414	      52.301559	       3.024193	     -19.202067	       2.023587	      -5.569607	       1.111226	      -2.350355	     -54.400935	       4.594724	     -10.111177	       4.450869	       1.379997	      -4.069112	       1.457827	       0.685256	      -1.711068
740.000000	      34.323443	      52.031086	       3.011875	     -19.420669	       2.033687	      -5.626628	       1.124393	      -2.380679	     -55.327627	       4.658865	     -10.174890	       4.494915	       1.404728	      -4.100712	       1.485065	       0.703033	      -1.730538
750.000000	      34.066914	      51.741652	       2.998815	     -19.633662	       2.043242	      -5.680573	       1.136720	      -2.409859	     -56.258734	       4.721550	     -10.234801	       4.536248	       1.428529	      -4.129924	       1.511909	       0.721157	      -1.748948
760.000000	      33.805016	      51.434294	       2.984876	     -19.841040	       2.052401	      -5.731222	       1.148121	      -2.437966	     -57.194159	       4.782860	     -10.290913	       4.574703	       1.451303	      -4.156751	       1.538482	       0.739611	      -1.766275
770.000000	      33.537869	      51.110051	       2.969963	     -20.042799	       2.061260	      -5.778398	       1.158576	      -2.465010	     -58.133745	       4.842810	     -10.343221	       4.610165	       1.473019	      -4.181209	       1.564849	       0.758313	      -1.782497
780.000000	      33.265527	      50.769946	       2.954044	     -20.238916	       2.069838	      -5.821990	       1.168141	      -2.490930	     -59.077274	       4.901336	     -10.391716	       4.642592	       1.493722	      -4.203316	       1.591008	       0.777117	      -1.797592
790.000000	      32.987998	      50.414962	       2.937167	     -20.429321	       2.078082	      -5.861961	       1.176938	      -2.515597	     -60.024483	       4.958297	     -10.436389	       4.672021	       1.513523	      -4.223092	       1.616879	       0.795834	      -1.811543
800.000000	      32.705260	      50.046018	       2.919449	     -20.613878	       2.085872	      -5.898348	       1.185140	      -2.538825	     -60.975075	       5.013487	     -10.477233	       4.698568	       1.532584	      -4.240555	       1.642318	       0.814258	      -1.824335
810.000000	      32.417294	      49.663953	       2.901070	     -20.792373	       2.093036	      -5.931257	       1.192947	      -2.560397	     -61.928740	       5.066656	     -10.514242	       4.722408	       1.551093	      -4.255715	       1.667129	       0.832189	      -1.835961
820.000000	      32.124109	      49.269506	       2.882247	     -20.964519	       2.099383	      -5.960834	       1.200557	      -2.580090	     -62.885181	       5.117545	     -10.547419	       4.743754	       1.569233	      -4.268574	       1.691096	       0.849467	      -1.846418
830.000000	      31.825764	      48.863322	       2.863204	     -21.129964	       2.104729	      -5.987244	       1.208136	      -2.597705	     -63.844133	       5.165911	     -10.576774	       4.762826	       1.587155	      -4.279124	       1.714011	       0.865986	      -1.855711
840.000000	      31.522386	      48.445948	       2.844143	     -21.288312	       2.108927	      -6.010638	       1.215793	      -2.613091	     -64.805380	       5.211564	     -10.602328	       4.779819	       1.604956	      -4.287353	       1.735701	       0.881716	      -1.863847
850.000000	      31.214174	      48.017852	       2.825218	     -21.439152	       2.111893	      -6.031128	       1.223567	      -2.626169	     -65.768763	       5.254388	     -10.624109	       4.794877	       1.622658	      -4.293241	       1.756057	       0.896701	      -1.870839
860.000000	      30.901395	      47.579448	       2.806510	     -21.582085	       2.113617	      -6.048761	       1.231417	      -2.636938	     -66.734185	       5.294352	     -10.642150	       4.808077	       1.640209	      -4.296770	       1.775048	       0.911055	      -1.876700
870.000000	      30.584373	      47.131113	       2.788021	     -21.716751	       2.114172	      -6.063510	       1.239229	      -2.645474	     -67.701605	       5.331511	     -10.656492	       4.819413	       1.657483	      -4.297925	       1.792723	       0.924946	      -1.881441
880.000000	      30.263462	      46.673226	       2.769674	     -21.842856	       2.113701	      -6.075272	       1.246834	      -2.651920	     -68.671024	       5.365995	     -10.667176	       4.828807	       1.674302	      -4.296701	       1.809206	       0.938566	      -1.885073
890.000000	      29.939022	      46.206182	       2.751326	     -21.960177	       2.112402	      -6.083880	       1.254030	      -2.656463	     -69.642468	       5.397985	     -10.674243	       4.836121	       1.690455	      -4.293106	       1.824677	       0.952111	      -1.887604
900.000000	      29.611394	      45.730415	       2.732791	     -22.068572	       2.110499	      -6.089122	       1.260612	      -2.659306	     -70.615963	       5.427680	     -10.677735	       4.841183	       1.705732	      -4.287158	       1.839343	       0.965742	      -1.889036
