p_lab	            1S0	            3P0	            1P1	            3P1	            1D2	            3D2	            1F3	            3F3	            3S1	            3D1	             E1	            3P2	            3F2	             E2	            3D3	            3G3	             E3
10.000000	       0.087740	       0.000091	       0.000025	      -0.000045	       0.000000	      -0.000000	       0.000000	      -0.000000	      -0.008106	       0.000000	      -0.000027	       0.000001	       0.000000	      -0.000000	       0.000000	       0.000000	      -0.000000
20.000000	       1.473026	       0.004012	       0.001069	      -0.001974	       0.000004	      -0.000005	       0.000000	      -0.000000	      -0.130979	       0.000004	      -0.001360	       0.000032	       0.000000	      -0.000004	       0.000000	       0.000000	      -0.000000
30.000000	       4.175276	       0.022582	       0.005949	      -0.011023	       0.000043	      -0.000065	       0.000000	      -0.000000	      -0.359000	       0.000043	      -0.007834	       0.000192	       0.000000	      -0.000053	       0.000000	       0.000000	      -0.000000
40.000000	       7.481684	       0.067919	       0.017620	      -0.032783	       0.000224	      -0.000334	       0.000003	      -0.000004	      -0.628896	       0.000224	      -0.023559	       0.000633	       0.000001	      -0.000277	       0.000001	       0.000000	      -0.000004
50.000000	      10.997342	       0.151324	       0.038496	      -0.072013	       0.000747	      -0.001121	       0.000015	      -0.000021	      -0.913015	       0.000757	      -0.052018	       0.001563	       0.000007	      -0.000929	       0.000006	       0.000000	      -0.000018
60.000000	      14.496695	       0.282851	       0.070292	      -0.132349	       0.001919	      -0.002897	       0.000056	      -0.000076	      -1.199041	       0.001965	      -0.095888	       0.003253	       0.000028	      -0.002397	       0.000022	       0.000001	      -0.000065
70.000000	      17.842880	       0.471144	       0.113976	      -0.216234	       0.004132	      -0.006277	       0.000159	      -0.000217	      -1.480745	       0.004273	      -0.156993	       0.006033	       0.000080	      -0.005187	       0.000063	       0.000002	      -0.000187
80.000000	      20.956231	       0.723385	       0.169804	      -0.324960	       0.007826	      -0.011977	       0.000384	      -0.000527	      -1.754753	       0.008175	      -0.236328	       0.010279	       0.000196	      -0.009878	       0.000155	       0.000007	      -0.000453
90.000000	      23.797356	       1.045334	       0.237421	      -0.458809	       0.013456	      -0.020753	       0.000812	      -0.001122	      -2.019272	       0.014195	      -0.334153	       0.016394	       0.000422	      -0.017082	       0.000336	       0.000018	      -0.000962
100.000000	      26.354844	       1.441424	       0.315979	      -0.617237	       0.021448	      -0.033348	       0.001550	      -0.002155	      -2.273501	       0.022849	      -0.450117	       0.024789	       0.000822	      -0.027393	       0.000660	       0.000041	      -0.001844
110.000000	      28.635502	       1.914879	       0.404272	      -0.799078	       0.032169	      -0.050439	       0.002723	      -0.003812	      -2.517311	       0.034611	      -0.583388	       0.035861	       0.001474	      -0.041347	       0.001196	       0.000087	      -0.003253
120.000000	      30.656850	       2.467848	       0.500873	      -1.002739	       0.045905	      -0.072594	       0.004471	      -0.006300	      -2.751039	       0.049887	      -0.732799	       0.049972	       0.002472	      -0.059390	       0.002028	       0.000167	      -0.005362
130.000000	      32.441749	       3.101517	       0.604237	      -1.226372	       0.062851	      -0.100259	       0.006940	      -0.009840	      -2.975347	       0.068998	      -0.896958	       0.067436	       0.003921	      -0.081866	       0.003252	       0.000301	      -0.008354
140.000000	      34.014836	       3.816214	       0.712799	      -1.468012	       0.083107	      -0.133741	       0.010273	      -0.014649	      -3.191106	       0.092171	      -1.074356	       0.088510	       0.005934	      -0.109005	       0.004971	       0.000511	      -0.012410
150.000000	      35.400326	       4.611485	       0.825043	      -1.725683	       0.106685	      -0.173213	       0.014605	      -0.020937	      -3.399317	       0.119541	      -1.263448	       0.113385	       0.008628	      -0.140929	       0.007295	       0.000824	      -0.017702
160.000000	      36.620806	       5.486153	       0.939550	      -1.997471	       0.133514	      -0.218728	       0.020060	      -0.028888	      -3.601039	       0.151155	      -1.462708	       0.142191	       0.012119	      -0.177661	       0.010326	       0.001274	      -0.024384
170.000000	      37.696657	       6.438348	       1.055035	      -2.281574	       0.163452	      -0.270239	       0.026740	      -0.038661	      -3.797347	       0.186974	      -1.670673	       0.175000	       0.016522	      -0.219139	       0.014163	       0.001899	      -0.032588
180.000000	      38.645877	       7.465534	       1.170365	      -2.576320	       0.196298	      -0.327612	       0.034731	      -0.050384	      -3.989296	       0.226886	      -1.885971	       0.211834	       0.021945	      -0.265227	       0.018886	       0.002741	      -0.042421
190.000000	      39.484140	       8.564515	       1.284570	      -2.880185	       0.231805	      -0.390654	       0.044093	      -0.064150	      -4.177904	       0.270718	      -2.107337	       0.252680	       0.028482	      -0.315736	       0.024561	       0.003850	      -0.053963
200.000000	      40.224970	       9.731436	       1.396846	      -3.191783	       0.269692	      -0.459123	       0.054862	      -0.080026	      -4.364140	       0.318241	      -2.333615	       0.297492	       0.036216	      -0.370432	       0.031234	       0.005278	      -0.067266
210.000000	      40.879971	      10.961782	       1.506542	      -3.509866	       0.309655	      -0.532745	       0.067046	      -0.098050	      -4.548919	       0.369190	      -2.563763	       0.346209	       0.045209	      -0.429052	       0.038934	       0.007081	      -0.082356
220.000000	      41.459077	      12.250376	       1.613155	      -3.833311	       0.351385	      -0.611225	       0.080628	      -0.118242	      -4.733101	       0.423275	      -2.796851	       0.398753	       0.055501	      -0.491314	       0.047677	       0.009318	      -0.099236
230.000000	      41.970788	      13.591389	       1.716308	      -4.161115	       0.394579	      -0.694245	       0.095561	      -0.140607	      -4.917488	       0.480195	      -3.032053	       0.455032	       0.067109	      -0.556926	       0.057470	       0.012044	      -0.117889
240.000000	      42.422391	      14.978362	       1.815725	      -4.492385	       0.438952	      -0.781473	       0.111772	      -0.165139	      -5.102822	       0.539653	      -3.268640	       0.514938	       0.080024	      -0.625588	       0.068322	       0.015315	      -0.138277
250.000000	      42.820147	      16.404244	       1.911214	      -4.826337	       0.484247	      -0.872561	       0.129165	      -0.191824	      -5.289773	       0.601367	      -3.505975	       0.578339	       0.094214	      -0.697006	       0.080247	       0.019176	      -0.160350
260.000000	      43.169457	      17.861466	       2.002639	      -5.162292	       0.530243	      -0.967146	       0.147629	      -0.220642	      -5.478942	       0.665079	      -3.743504	       0.645076	       0.109626	      -0.770888	       0.093271	       0.023663	      -0.184042
270.000000	      43.474986	      19.342031	       2.089905	      -5.499672	       0.576757	      -1.064853	       0.167039	      -0.251562	      -5.670844	       0.730557	      -3.980747	       0.714956	       0.126197	      -0.846950	       0.107431	       0.028793	      -0.209280
280.000000	      43.740774	      20.837650	       2.172945	      -5.837993	       0.623638	      -1.165302	       0.187274	      -0.284539	      -5.865907	       0.797595	      -4.217289	       0.787753	       0.143859	      -0.924921	       0.122775	       0.034571	      -0.235980
290.000000	      43.970318	      22.339883	       2.251707	      -6.176860	       0.670764	      -1.268114	       0.208219	      -0.319508	      -6.064475	       0.866008	      -4.452771	       0.863210	       0.162546	      -1.004537	       0.139354	       0.040979	      -0.264054
300.000000	      44.166642	      23.840312	       2.326163	      -6.515950	       0.718030	      -1.372926	       0.229777	      -0.356378	      -6.266805	       0.935618	      -4.686881	       0.941051	       0.182207	      -1.085551	       0.157212	       0.047984	      -0.293408
310.000000	      44.332351	      25.330706	       2.396309	      -6.854999	       0.765334	      -1.479396	       0.251876	      -0.395034	      -6.473085	       1.006247	      -4.919348	       1.020993	       0.202810	      -1.167729	       0.176375	       0.055542	      -0.323946
320.000000	      44.469688	      26.803178	       2.462173	      -7.193781	       0.812566	      -1.587223	       0.274469	      -0.435328	      -6.683443	       1.077703	      -5.149933	       1.102764	       0.224343	      -1.250849	       0.196842	       0.063599	      -0.355570
330.000000	      44.580583	      28.250325	       2.523826	      -7.532090	       0.859603	      -1.696145	       0.297533	      -0.477092	      -6.897972	       1.149779	      -5.378423	       1.186115	       0.246813	      -1.334703	       0.218576	       0.072105	      -0.388180
340.000000	      44.666701	      29.665331	       2.581386	      -7.869726	       0.906300	      -1.805947	       0.321065	      -0.520137	      -7.116743	       1.222242	      -5.604630	       1.270833	       0.270240	      -1.419097	       0.241507	       0.081019	      -0.421678
350.000000	      44.729492	      31.042039	       2.635015	      -8.206477	       0.952501	      -1.916458	       0.345067	      -0.564274	      -7.339821	       1.294846	      -5.828387	       1.356745	       0.294647	      -1.503844	       0.265529	       0.090320	      -0.455965
360.000000	      44.770242	      32.374990	       2.684915	      -8.542119	       0.998042	      -2.027537	       0.369535	      -0.609317	      -7.567275	       1.367340	      -6.049549	       1.443717	       0.320045	      -1.588772	       0.290517	       0.100012	      -0.490944
370.000000	      44.790111	      33.659437	       2.731311	      -8.876414	       1.042768	      -2.139064	       0.394449	      -0.655105	      -7.799182	       1.439479	      -6.267989	       1.531638	       0.346423	      -1.673713	       0.316342	       0.110122	      -0.526523
380.000000	      44.790170	      34.891341	       2.774433	      -9.209121	       1.086546	      -2.250919	       0.419757	      -0.701508	      -8.035616	       1.511047	      -6.483605	       1.620411	       0.373739	      -1.758508	       0.342881	       0.120708	      -0.562609
390.000000	      44.771421	      36.067352	       2.814496	      -9.540003	       1.129284	      -2.362968	       0.445376	      -0.748436	      -8.276639	       1.581867	      -6.696312	       1.709926	       0.401910	      -1.843004	       0.370043	       0.131842	      -0.599114
400.000000	      44.734816	      37.184793	       2.851679	      -9.868852	       1.170938	      -2.475051	       0.471188	      -0.795837	      -8.522285	       1.651814	      -6.906044	       1.800048	       0.430817	      -1.927055	       0.397774	       0.143606	      -0.635952
410.000000	      44.681250	      38.241633	       2.886113	     -10.195492	       1.211516	      -2.586969	       0.497048	      -0.843694	      -8.772545	       1.720816	      -7.112751	       1.890600	       0.460311	      -2.010521	       0.426063	       0.156074	      -0.673039
420.000000	      44.611559	      39.236470	       2.917876	     -10.519797	       1.251074	      -2.698495	       0.522799	      -0.892007	      -9.027348	       1.788850	      -7.316389	       1.981359	       0.490227	      -2.093269	       0.454943	       0.169303	      -0.710295
430.000000	      44.526505	      40.168499	       2.947001	     -10.841689	       1.289700	      -2.809371	       0.548288	      -0.940785	      -9.286560	       1.855925	      -7.516919	       2.072063	       0.520402	      -2.175174	       0.484472	       0.183312	      -0.747641
440.000000	      44.426763	      41.037477	       2.973484	     -11.161134	       1.327499	      -2.919334	       0.573386	      -0.990016	      -9.549984	       1.922064	      -7.714298	       2.162425	       0.550694	      -2.256120	       0.514723	       0.198082	      -0.784999
450.000000	      44.312910	      41.843680	       2.997312	     -11.478129	       1.364563	      -3.028128	       0.598004	      -1.039660	      -9.817368	       1.987278	      -7.908476	       2.252152	       0.581001	      -2.335999	       0.545752	       0.213545	      -0.822293
460.000000	      44.185426	      42.587837	       3.018484	     -11.792679	       1.400957	      -3.135530	       0.622106	      -1.089631	     -10.088425	       2.051548	      -8.099392	       2.340974	       0.611269	      -2.414713	       0.577588	       0.229594	      -0.859450
470.000000	      44.044699	      43.271064	       3.037034	     -12.104779	       1.436696	      -3.241368	       0.645711	      -1.139792	     -10.362857	       2.114807	      -8.286973	       2.428667	       0.641502	      -2.492172	       0.610204	       0.246089	      -0.896398
480.000000	      43.891044	      43.894777	       3.053047	     -12.414387	       1.471737	      -3.345524	       0.668891	      -1.189961	     -10.640374	       2.176931	      -8.471138	       2.515067	       0.671750	      -2.568288	       0.643518	       0.262878	      -0.933068
490.000000	      43.724727	      44.460607	       3.066670	     -12.721411	       1.505986	      -3.447948	       0.691754	      -1.239921	     -10.920717	       2.237745	      -8.651801	       2.600084	       0.702101	      -2.642979	       0.677389	       0.279814	      -0.969394
500.000000	      43.545997	      44.970325	       3.078101	     -13.025695	       1.539302	      -3.548638	       0.714421	      -1.289439	     -11.203674	       2.297038	      -8.828879	       2.683691	       0.732656	      -2.716163	       0.711630	       0.296778	      -1.005314
510.000000	      43.355111	      45.425764	       3.087576	     -13.327023	       1.571527	      -3.647628	       0.737007	      -1.338294	     -11.489078	       2.354582	      -9.002297	       2.765913	       0.763507	      -2.787757	       0.746032	       0.313695	      -1.040770
520.000000	      43.152364	      45.828772	       3.095346	     -13.625129	       1.602506	      -3.744964	       0.759593	      -1.386295	     -11.776804	       2.410165	      -9.171996	       2.846797	       0.794710	      -2.857673	       0.780386	       0.330547	      -1.075708
530.000000	      42.938096	      46.181172	       3.101643	     -13.919715	       1.632119	      -3.840674	       0.782207	      -1.433305	     -12.066750	       2.463612	      -9.337932	       2.926388	       0.826269	      -2.925823	       0.814518	       0.347377	      -1.110077
540.000000	      42.712702	      46.484753	       3.106657	     -14.210479	       1.660302	      -3.934744	       0.804810	      -1.479251	     -12.358816	       2.514812	      -9.500082	       3.004694	       0.858121	      -2.992116	       0.848306	       0.364280	      -1.143830
550.000000	      42.476618	      46.741266	       3.110510	     -14.497141	       1.687063	      -4.027100	       0.827301	      -1.524130	     -12.652876	       2.563728	      -9.658435	       3.081664	       0.890139	      -3.056461	       0.881698	       0.381389	      -1.176921
560.000000	      42.230305	      46.952448	       3.113246	     -14.779466	       1.712482	      -4.117599	       0.849524	      -1.567997	     -12.948752	       2.610397	      -9.812992	       3.157178	       0.922143	      -3.118772	       0.914718	       0.398852	      -1.209307
570.000000	      41.974219	      47.120033	       3.114832	     -15.057278	       1.736703	      -4.206032	       0.871289	      -1.610950	     -13.246198	       2.654915	      -9.963749	       3.231046	       0.953917	      -3.178969	       0.947455	       0.416808	      -1.240941
580.000000	      41.708783	      47.245780	       3.115172	     -15.330468	       1.759911	      -4.292143	       0.892402	      -1.653099	     -13.544888	       2.697418	     -10.110697	       3.303023	       0.985244	      -3.236982	       0.980039	       0.435356	      -1.271779
590.000000	      41.434364	      47.331480	       3.114133	     -15.598986	       1.782301	      -4.375647	       0.912692	      -1.694540	     -13.844418	       2.738047	     -10.253807	       3.372837	       1.015931	      -3.292750	       1.012617	       0.454536	      -1.301774
600.000000	      41.151249	      47.378958	       3.111580	     -15.862819	       1.804050	      -4.456269	       0.932044	      -1.735326	     -14.144322	       2.776916	     -10.393026	       3.440221	       1.045839	      -3.346227	       1.045318	       0.474319	      -1.330881
610.000000	      40.859646	      47.390066	       3.107409	     -16.121971	       1.825281	      -4.533769	       0.950412	      -1.775444	     -14.444092	       2.814085	     -10.528279	       3.504947	       1.074902	      -3.397377	       1.078220	       0.494600	      -1.359050
620.000000	      40.559683	      47.366652	       3.101575	     -16.376423	       1.846042	      -4.607974	       0.967835	      -1.814804	     -14.743209	       2.849536	     -10.659463	       3.566859	       1.103137	      -3.446171	       1.111327	       0.515209	      -1.386238
630.000000	      40.251429	      47.310533	       3.094114	     -16.626111	       1.866296	      -4.678789	       0.984428	      -1.853242	     -15.041174	       2.883171	     -10.786462	       3.625890	       1.130639	      -3.492584	       1.144563	       0.535932	      -1.412401
640.000000	      39.934925	      47.223457	       3.085147	     -16.870894	       1.885927	      -4.746207	       1.000367	      -1.890529	     -15.337530	       2.914816	     -10.909151	       3.682065	       1.157561	      -3.536593	       1.177766	       0.556539	      -1.437500
650.000000	      39.610210	      47.107070	       3.074871	     -17.110545	       1.904753	      -4.810296	       1.015862	      -1.926398	     -15.631886	       2.944243	     -11.027407	       3.735496	       1.184091	      -3.578170	       1.210713	       0.576816	      -1.461502
660.000000	      39.277359	      46.962887	       3.063539	     -17.344748	       1.922559	      -4.871179	       1.031122	      -1.960580	     -15.923921	       2.971201	     -11.141124	       3.786353	       1.210417	      -3.617281	       1.243144	       0.596593	      -1.484378
670.000000	      38.936510	      46.792282	       3.051423	     -17.573109	       1.939129	      -4.929000	       1.046320	      -1.992829	     -16.213376	       2.995453	     -11.250218	       3.834835	       1.236689	      -3.653884	       1.274799	       0.615775	      -1.506108
680.000000	      38.587879	      46.596481	       3.038777	     -17.795185	       1.954287	      -4.983892	       1.061568	      -2.022961	     -16.500042	       3.016810	     -11.354633	       3.881123	       1.262994	      -3.687929	       1.305455	       0.634346	      -1.526674
690.000000	      38.231766	      46.376582	       3.025803	     -18.010509	       1.967926	      -5.035937	       1.076890	      -2.050875	     -16.783726	       3.035164	     -11.454342	       3.925352	       1.289335	      -3.719364	       1.334959	       0.652380	      -1.546065
700.000000	      37.868545	      46.133577	       3.012622	     -18.218631	       1.980029	      -5.085147	       1.092218	      -2.076562	     -17.064224	       3.050499	     -11.549339	       3.967578	       1.315623	      -3.748135	       1.363247	       0.670026	      -1.564269
710.000000	      37.498647	      45.868387	       2.999259	     -18.419150	       1.990675	      -5.131439	       1.107402	      -2.100103	     -17.341283	       3.062896	     -11.639635	       4.007766	       1.341685	      -3.774191	       1.390356	       0.687483	      -1.581276
720.000000	      37.122523	      45.581903	       2.985638	     -18.611739	       2.000031	      -5.174645	       1.122227	      -2.121652	     -17.614579	       3.072521	     -11.725245	       4.045787	       1.367290	      -3.797494	       1.416411	       0.704967	      -1.597074
730.000000	      36.740617	      45.275015	       2.971605	     -18.796158	       2.008328	      -5.214516	       1.136449	      -2.141404	     -17.883694	       3.079595	     -11.806171	       4.081438	       1.392177	      -3.818016	       1.441603	       0.722681	      -1.611651
740.000000	      36.353327	      44.948647	       2.956952	     -18.972255	       2.015826	      -5.250758	       1.149828	      -2.159566	     -18.148114	       3.084363	     -11.882397	       4.114472	       1.416091	      -3.835748	       1.466161	       0.740775	      -1.624987
750.000000	      35.960983	      44.603768	       2.941457	     -19.139947	       2.022777	      -5.283063	       1.162171	      -2.176313	     -18.407235	       3.087051	     -11.953873	       4.144634	       1.438826	      -3.850697	       1.490303	       0.759322	      -1.637065
760.000000	      35.563826	      44.241398	       2.924923	     -19.299197	       2.029385	      -5.311150	       1.173358	      -2.191756	     -18.660388	       3.087831	     -12.020519	       4.171707	       1.460251	      -3.862885	       1.514205	       0.778301	      -1.647862
770.000000	      35.162007	      43.862595	       2.907216	     -19.449974	       2.035775	      -5.334804	       1.183365	      -2.205921	     -18.906863	       3.086793	     -12.082218	       4.195542	       1.480331	      -3.872346	       1.537965	       0.797597	      -1.657359
780.000000	      34.755596	      43.468433	       2.888293	     -19.592219	       2.041971	      -5.353900	       1.192270	      -2.218737	     -19.145952	       3.083935	     -12.138829	       4.216091	       1.499133	      -3.879121	       1.561582	       0.817011	      -1.665536
790.000000	      34.344604	      43.059977	       2.868215	     -19.725808	       2.047898	      -5.368418	       1.200242	      -2.230039	     -19.376981	       3.079156	     -12.190193	       4.233413	       1.516813	      -3.883253	       1.584955	       0.836286	      -1.672381
800.000000	      33.929015	      42.638243	       2.847141	     -19.850527	       2.053386	      -5.378447	       1.207518	      -2.239589	     -19.599339	       3.072281	     -12.236148	       4.247669	       1.533598	      -3.884780	       1.607890	       0.855140	      -1.677885
810.000000	      33.508817	      42.204170	       2.825314	     -19.966059	       2.058203	      -5.384162	       1.214370	      -2.247110	     -19.812505	       3.063085	     -12.276545	       4.259105	       1.549744	      -3.883732	       1.630128	       0.873308	      -1.682049
820.000000	      33.084044	      41.758600	       2.803027	     -20.071990	       2.062088	      -5.385801	       1.221064	      -2.252316	     -20.016046	       3.051334	     -12.311255	       4.268017	       1.565504	      -3.880131	       1.651382	       0.890574	      -1.684881
830.000000	      32.654797	      41.302254	       2.780580	     -20.167822	       2.064792	      -5.383619	       1.227824	      -2.254961	     -20.209617	       3.036823	     -12.340183	       4.274707	       1.581082	      -3.873986	       1.671376	       0.906803	      -1.686397
840.000000	      32.221265	      40.835741	       2.758246	     -20.253010	       2.066121	      -5.377854	       1.234793	      -2.254869	     -20.392939	       3.019418	     -12.363269	       4.279445	       1.596609	      -3.865299	       1.689888	       0.921959	      -1.686617
850.000000	      31.783735	      40.359560	       2.736225	     -20.326994	       2.065963	      -5.368686	       1.242019	      -2.251959	     -20.565766	       2.999075	     -12.380489	       4.282432	       1.612114	      -3.854067	       1.706779	       0.936111	      -1.685568
860.000000	      31.342576	      39.874130	       2.714624	     -20.389248	       2.064313	      -5.356207	       1.249440	      -2.246263	     -20.727851	       2.975865	     -12.391844	       4.283773	       1.627522	      -3.840291	       1.722018	       0.949419	      -1.683275
870.000000	      30.898229	      39.379815	       2.693439	     -20.439315	       2.061272	      -5.340411	       1.256901	      -2.237915	     -20.878910	       2.949963	     -12.397353	       4.283466	       1.642665	      -3.823975	       1.735682	       0.962113	      -1.679766
880.000000	      30.451173	      38.876960	       2.672562	     -20.476836	       2.057038	      -5.321189	       1.264170	      -2.227139	     -21.018587	       2.921638	     -12.397039	       4.281409	       1.657299	      -3.805137	       1.747948	       0.974457	      -1.675063
890.000000	      30.001890	      38.365927	       2.651799	     -20.501567	       2.051880	      -5.298349	       1.270975	      -2.214215	     -21.146439	       2.891222	     -12.390912	       4.277419	       1.671144	      -3.783810	       1.759064	       0.986714	      -1.669186
900.000000	      29.550835	      37.847122	       2.630898	     -20.513382	       2.046102	      -5.271645	       1.277042	      -2.199442	     -21.261924	       2.859072	     -12.378960	       4.271267	       1.683921	      -3.760044	       1.769318	       0.999104	      -1.662152
