p_lab	            1S0	            3P0	            1P1	            3P1	            1D2	            3D2	            1F3	            3F3	            3S1	            3D1	             E1	            3P2	            3F2	             E2	            3D3	            3G3	             E3
10.000000	       0.073838	       0.000097	       0.000025	      -0.000045	       0.000000	      -0.000000	       0.000000	      -0.000000	      -0.014814	       0.000000	      -0.000026	       0.000001	       0.000000	      -0.000000	       0.000000	       0.000000	      -0.000000
20.000000	       1.232531	       0.004238	       0.001069	      -0.001968	       0.000004	      -0.000005	       0.000000	      -0.000000	      -0.239245	       0.000003	      -0.001277	       0.000039	       0.000000	      -0.000004	       0.000000	       0.000000	      -0.000000
30.000000	       3.475923	       0.023877	       0.005952	      -0.010988	       0.000043	      -0.000065	       0.000000	      -0.000000	      -0.656521	       0.000042	      -0.007336	       0.000235	       0.000000	      -0.000054	       0.000000	       0.000000	      -0.000000
40.000000	       6.208674	       0.071902	       0.017626	      -0.032680	       0.000224	      -0.000334	       0.000003	      -0.000004	      -1.153612	       0.000220	      -0.022018	       0.000762	       0.000001	      -0.000277	       0.000001	       0.000000	      -0.000004
50.000000	       9.114655	       0.160448	       0.038508	      -0.071780	       0.000747	      -0.001120	       0.000015	      -0.000021	      -1.682688	       0.000742	      -0.048536	       0.001854	       0.000008	      -0.000929	       0.000007	       0.000000	      -0.000018
60.000000	      12.020355	       0.300483	       0.070312	      -0.131912	       0.001920	      -0.002895	       0.000056	      -0.000076	      -2.223436	       0.001928	      -0.089346	       0.003803	       0.000028	      -0.002398	       0.000023	       0.000001	      -0.000065
70.000000	      14.822230	       0.501647	       0.114001	      -0.215503	       0.004133	      -0.006274	       0.000160	      -0.000217	      -2.766081	       0.004193	      -0.146108	       0.006957	       0.000080	      -0.005189	       0.000067	       0.000002	      -0.000187
80.000000	      17.458919	       0.772227	       0.169830	      -0.323833	       0.007829	      -0.011972	       0.000384	      -0.000527	      -3.305504	       0.008027	      -0.219714	       0.011712	       0.000196	      -0.009882	       0.000161	       0.000007	      -0.000453
90.000000	      19.897744	       1.119202	       0.237434	      -0.457176	       0.013458	      -0.020747	       0.000812	      -0.001121	      -3.838960	       0.013948	      -0.310377	       0.018484	       0.000423	      -0.017090	       0.000345	       0.000018	      -0.000962
100.000000	      22.126033	       1.548346	       0.315957	      -0.614982	       0.021445	      -0.033344	       0.001550	      -0.002155	      -4.365067	       0.022474	      -0.417748	       0.027698	       0.000822	      -0.027407	       0.000670	       0.000041	      -0.001844
110.000000	      24.144617	       2.064350	       0.404189	      -0.796078	       0.032152	      -0.050444	       0.002722	      -0.003812	      -4.883293	       0.034080	      -0.541045	       0.039761	       0.001473	      -0.041369	       0.001201	       0.000087	      -0.003253
120.000000	      25.962854	       2.670954	       0.500694	      -0.998868	       0.045861	      -0.072623	       0.004467	      -0.006304	      -5.393662	       0.049180	      -0.679174	       0.055049	       0.002468	      -0.059427	       0.002017	       0.000167	      -0.005362
130.000000	      27.594937	       3.371049	       0.603926	      -1.221496	       0.062757	      -0.100333	       0.006929	      -0.009852	      -5.896567	       0.068108	      -0.830850	       0.073891	       0.003910	      -0.081923	       0.003207	       0.000300	      -0.008355
140.000000	      29.057295	       4.166770	       0.712321	      -1.461989	       0.082932	      -0.133891	       0.010245	      -0.014679	      -6.392641	       0.091109	      -0.994681	       0.096560	       0.005907	      -0.109091	       0.004865	       0.000508	      -0.012412
150.000000	      30.366879	       5.059537	       0.824371	      -1.718357	       0.106387	      -0.173483	       0.014548	      -0.020998	      -6.882661	       0.118340	      -1.169249	       0.123270	       0.008571	      -0.141055	       0.007092	       0.000817	      -0.017705
160.000000	      31.540098	       6.050081	       0.938668	      -1.988674	       0.133043	      -0.219172	       0.019950	      -0.029005	      -7.367488	       0.149876	      -1.353162	       0.154175	       0.012011	      -0.177842	       0.009983	       0.001258	      -0.024389
170.000000	      32.592224	       7.138422	       1.053940	      -2.271121	       0.162753	      -0.270918	       0.026548	      -0.038868	      -7.848012	       0.185714	      -1.545088	       0.189371	       0.016331	      -0.219392	       0.013631	       0.001866	      -0.032597
180.000000	      33.537106	       8.323828	       1.169069	      -2.564015	       0.195316	      -0.328594	       0.034413	      -0.050726	      -8.325123	       0.225783	      -1.743784	       0.228906	       0.021627	      -0.265574	       0.018116	       0.002679	      -0.042437
190.000000	      34.387086	       9.604747	       1.283094	      -2.865821	       0.230487	      -0.392005	       0.043594	      -0.064688	      -8.799685	       0.269956	      -1.948107	       0.272784	       0.027984	      -0.316204	       0.023509	       0.003737	      -0.053988
200.000000	      35.153033	      10.978724	       1.395214	      -3.175153	       0.267995	      -0.460907	       0.054117	      -0.080831	      -9.272529	       0.318060	      -2.157019	       0.320975	       0.035473	      -0.371053	       0.029865	       0.005086	      -0.067304
210.000000	      35.844442	      12.442310	       1.504777	      -3.490768	       0.307552	      -0.535019	       0.065982	      -0.099206	      -9.744439	       0.369888	      -2.369587	       0.373420	       0.044146	      -0.429865	       0.037228	       0.006768	      -0.082414
220.000000	      36.469571	      13.990977	       1.611268	      -3.811559	       0.348865	      -0.614037	       0.079167	      -0.119839	     -10.216152	       0.425210	      -2.584980	       0.430037	       0.054042	      -0.492363	       0.045630	       0.008829	      -0.099321
230.000000	      37.035586	      15.619040	       1.714294	      -4.136545	       0.391647	      -0.697636	       0.093628	      -0.142737	     -10.688359	       0.483782	      -2.802464	       0.490725	       0.065177	      -0.558264	       0.055095	       0.011313	      -0.118010
240.000000	      37.548696	      17.319617	       1.813563	      -4.464863	       0.435623	      -0.785484	       0.109299	      -0.167890	     -11.161696	       0.545361	      -3.021393	       0.555362	       0.077552	      -0.627277	       0.065642	       0.014259	      -0.138447
250.000000	      38.014290	      19.084621	       1.908869	      -4.795758	       0.480544	      -0.877238	       0.126101	      -0.195276	     -11.636752	       0.609708	      -3.241203	       0.623804	       0.091149	      -0.699117	       0.077291	       0.017702	      -0.160583
260.000000	      38.437052	      20.904814	       2.000071	      -5.128577	       0.526182	      -0.972551	       0.143939	      -0.224861	     -12.114058	       0.676597	      -3.461404	       0.695888	       0.105934	      -0.773502	       0.090063	       0.021671	      -0.184356
270.000000	      38.821055	      22.769910	       2.087080	      -5.462763	       0.572339	      -1.071076	       0.162711	      -0.256600	     -12.594093	       0.745817	      -3.681572	       0.771425	       0.121866	      -0.850161	       0.103982	       0.026182	      -0.209697
280.000000	      39.169852	      24.668751	       2.169845	      -5.797845	       0.618845	      -1.172467	       0.182316	      -0.290433	     -13.077274	       0.817175	      -3.901341	       0.850207	       0.138896	      -0.928832	       0.119074	       0.031244	      -0.236526
290.000000	      39.486538	      26.589536	       2.248347	      -6.133429	       0.665552	      -1.276388	       0.202652	      -0.326291	     -13.563964	       0.890491	      -4.120396	       0.932006	       0.156974	      -1.009268	       0.135365	       0.036854	      -0.264759
300.000000	      39.773812	      28.520093	       2.322593	      -6.469188	       0.712329	      -1.382518	       0.223631	      -0.364085	     -14.054468	       0.965593	      -4.338467	       1.016581	       0.176056	      -1.091233	       0.152872	       0.042999	      -0.294308
310.000000	      40.034024	      30.448181	       2.392619	      -6.804853	       0.759055	      -1.490555	       0.245175	      -0.403712	     -14.549043	       1.042317	      -4.555319	       1.103686	       0.196105	      -1.174507	       0.171602	       0.049656	      -0.325082
320.000000	      40.269218	      32.361798	       2.458486	      -7.140193	       0.805615	      -1.600227	       0.267219	      -0.445052	     -15.047901	       1.120493	      -4.770753	       1.193080	       0.217092	      -1.258883	       0.191548	       0.056801	      -0.356989
330.000000	      40.481174	      34.249466	       2.520284	      -7.475010	       0.851894	      -1.711290	       0.289716	      -0.487974	     -15.551221	       1.199949	      -4.984593	       1.284536	       0.238999	      -1.344167	       0.212680	       0.064407	      -0.389936
340.000000	      40.671443	      36.100487	       2.578136	      -7.809122	       0.897772	      -1.823531	       0.312626	      -0.532335	     -16.059157	       1.280507	      -5.196688	       1.377842	       0.261812	      -1.430180	       0.234950	       0.072451	      -0.423832
350.000000	      40.841386	      37.905145	       2.632190	      -8.142358	       0.943129	      -1.936770	       0.335916	      -0.577993	     -16.571849	       1.361984	      -5.406906	       1.472810	       0.285519	      -1.516751	       0.258291	       0.080921	      -0.458587
360.000000	      40.992206	      39.654853	       2.682617	      -8.474552	       0.987850	      -2.050848	       0.359552	      -0.624808	     -17.089430	       1.444201	      -5.615134	       1.569274	       0.310102	      -1.603725	       0.282623	       0.089814	      -0.494110
370.000000	      41.124981	      41.342247	       2.729604	      -8.805543	       1.031827	      -2.165625	       0.383492	      -0.672654	     -17.612031	       1.526987	      -5.821276	       1.667079	       0.335530	      -1.690953	       0.307864	       0.099142	      -0.530317
380.000000	      41.240690	      42.961220	       2.773338	      -9.135176	       1.074969	      -2.280967	       0.407683	      -0.721422	     -18.139781	       1.610186	      -6.025252	       1.766080	       0.361759	      -1.778297	       0.333935	       0.108929	      -0.567125
390.000000	      41.340233	      44.506918	       2.814000	      -9.463308	       1.117210	      -2.396741	       0.432055	      -0.771025	     -18.672803	       1.693672	      -6.226994	       1.866129	       0.388721	      -1.865626	       0.360771	       0.119208	      -0.604452
400.000000	      41.424444	      45.975703	       2.851751	      -9.789817	       1.158513	      -2.512803	       0.456523	      -0.821398	     -19.211211	       1.777345	      -6.426449	       1.967064	       0.416334	      -1.952816	       0.388325	       0.130015	      -0.642222
410.000000	      41.494097	      47.365077	       2.886728	     -10.114605	       1.198870	      -2.628999	       0.480990	      -0.872494	     -19.755102	       1.861139	      -6.623574	       2.068706	       0.444497	      -2.039751	       0.416575	       0.141383	      -0.680361
420.000000	      41.549907	      48.673601	       2.919037	     -10.437603	       1.238302	      -2.745160	       0.505356	      -0.924278	     -20.304546	       1.945017	      -6.818335	       2.170854	       0.473103	      -2.126323	       0.445517	       0.153336	      -0.718798
430.000000	      41.592525	      49.900781	       2.948758	     -10.758773	       1.276849	      -2.861110	       0.529523	      -0.976720	     -20.859587	       2.028959	      -7.010700	       2.273289	       0.502047	      -2.212429	       0.475163	       0.165877	      -0.757464
440.000000	      41.622537	      51.046954	       2.975953	     -11.078105	       1.314560	      -2.976672	       0.553408	      -1.029784	     -21.420231	       2.112958	      -7.200643	       2.375780	       0.531235	      -2.297976	       0.505531	       0.178990	      -0.796294
450.000000	      41.640457	      52.113168	       3.000675	     -11.395606	       1.351482	      -3.091676	       0.576950	      -1.083417	     -21.986455	       2.197005	      -7.388136	       2.478100	       0.560594	      -2.382876	       0.536631	       0.192635	      -0.835222
460.000000	      41.646728	      53.101047	       3.022981	     -11.711295	       1.387650	      -3.205974	       0.600117	      -1.137546	     -22.558208	       2.281073	      -7.573149	       2.580032	       0.590077	      -2.467050	       0.568460	       0.206750	      -0.874189
470.000000	      41.641725	      54.012673	       3.042943	     -12.025185	       1.423073	      -3.319445	       0.622906	      -1.192076	     -23.135422	       2.365115	      -7.755650	       2.681387	       0.619667	      -2.550424	       0.600984	       0.221255	      -0.913136
480.000000	      41.625768	      54.850460	       3.060658	     -12.337274	       1.457732	      -3.432001	       0.645344	      -1.246884	     -23.718019	       2.449055	      -7.935603	       2.782011	       0.649373	      -2.632928	       0.634143	       0.236066	      -0.952006
490.000000	      41.599137	      55.617054	       3.076251	     -12.647537	       1.491581	      -3.543590	       0.667477	      -1.301835	     -24.305930	       2.532790	      -8.112971	       2.881789	       0.679222	      -2.714497	       0.667845	       0.251100	      -0.990746
500.000000	      41.562084	      56.315232	       3.089873	     -12.955917	       1.524555	      -3.654187	       0.689360	      -1.356786	     -24.899095	       2.616199	      -8.287718	       2.980643	       0.709251	      -2.795067	       0.701974	       0.266289	      -1.029305
510.000000	      41.514854	      56.947831	       3.101692	     -13.262330	       1.556574	      -3.763791	       0.711047	      -1.411597	     -25.497479	       2.699155	      -8.459811	       3.078523	       0.739494	      -2.874574	       0.736403	       0.281585	      -1.067638
520.000000	      41.457703	      57.517696	       3.111881	     -13.566663	       1.587565	      -3.872407	       0.732574	      -1.466150	     -26.101071	       2.781536	      -8.629221	       3.175395	       0.769966	      -2.952955	       0.771006	       0.296974	      -1.105699
530.000000	      41.390899	      58.027634	       3.120602	     -13.868795	       1.617471	      -3.980032	       0.753950	      -1.520351	     -26.709881	       2.863243	      -8.795929	       3.271225	       0.800654	      -3.030146	       0.805672	       0.312471	      -1.143447
540.000000	      41.314736	      58.480404	       3.127993	     -14.168597	       1.646265	      -4.086646	       0.775153	      -1.574144	     -27.323934	       2.944209	      -8.959920	       3.365961	       0.831515	      -3.106081	       0.840319	       0.328117	      -1.180844
550.000000	      41.229524	      58.878700	       3.134154	     -14.465958	       1.673955	      -4.192198	       0.796127	      -1.627507	     -27.943264	       3.024408	      -9.121190	       3.459526	       0.862470	      -3.180699	       0.874901	       0.343978	      -1.217853
560.000000	      41.135579	      59.225154	       3.139145	     -14.760787	       1.700591	      -4.296603	       0.816789	      -1.680450	     -28.567894	       3.103855	      -9.279737	       3.551807	       0.893415	      -3.253937	       0.909414	       0.360123	      -1.254438
570.000000	      41.033216	      59.522338	       3.142979	     -15.053027	       1.726252	      -4.399742	       0.837039	      -1.733007	     -29.197829	       3.182596	      -9.435562	       3.642656	       0.924227	      -3.325740	       0.943883	       0.376620	      -1.290563
580.000000	      40.922724	      59.772767	       3.145640	     -15.342657	       1.751044	      -4.501470	       0.856773	      -1.785219	     -29.833044	       3.260698	      -9.588664	       3.731900	       0.954781	      -3.396054	       0.978362	       0.393516	      -1.326195
590.000000	      40.804361	      59.978893	       3.147086	     -15.629687	       1.775074	      -4.601632	       0.875901	      -1.837122	     -30.473478	       3.338234	      -9.739038	       3.819354	       0.984967	      -3.464836	       1.012910	       0.410828	      -1.361297
600.000000	      40.678335	      60.143102	       3.147273	     -15.914146	       1.798442	      -4.700072	       0.894360	      -1.888728	     -31.119032	       3.415257	      -9.886672	       3.904838	       1.014700	      -3.532047	       1.047578	       0.428538	      -1.395836
610.000000	      40.544808	      60.267700	       3.146172	     -16.196075	       1.821221	      -4.796657	       0.912127	      -1.940019	     -31.769572	       3.491795	     -10.031544	       3.988195	       1.043938	      -3.597655	       1.082392	       0.446585	      -1.429775
620.000000	      40.403892	      60.354894	       3.143782	     -16.475505	       1.843444	      -4.891283	       0.929220	      -1.990934	     -32.424940	       3.567830	     -10.173625	       4.069306	       1.072680	      -3.661631	       1.117342	       0.464879	      -1.463083
630.000000	      40.255665	      60.406778	       3.140144	     -16.752442	       1.865099	      -4.983892	       0.945698	      -2.041375	     -33.084965	       3.643299	     -10.312877	       4.148103	       1.100965	      -3.723952	       1.152371	       0.483302	      -1.495725
640.000000	      40.100183	      60.425316	       3.135340	     -17.026854	       1.886132	      -5.074468	       0.961656	      -2.091209	     -33.749479	       3.718095	     -10.449257	       4.224568	       1.128867	      -3.784593	       1.187382	       0.501730	      -1.527673
650.000000	      39.937497	      60.412333	       3.129494	     -17.298666	       1.906454	      -5.163037	       0.977204	      -2.140283	     -34.418329	       3.792080	     -10.582725	       4.298732	       1.156479	      -3.843526	       1.222243	       0.520043	      -1.558899
660.000000	      39.767679	      60.369508	       3.122757	     -17.567755	       1.925957	      -5.249653	       0.992455	      -2.188441	     -35.091390	       3.865102	     -10.713243	       4.370656	       1.183892	      -3.900721	       1.256804	       0.538149	      -1.589380
670.000000	      39.590827	      60.298379	       3.115290	     -17.833958	       1.944533	      -5.334383	       1.007503	      -2.235539	     -35.768574	       3.937013	     -10.840779	       4.440420	       1.211182	      -3.956143	       1.290911	       0.555989	      -1.619096
680.000000	      39.407087	      60.200356	       3.107245	     -18.097084	       1.962091	      -5.417288	       1.022410	      -2.281464	     -36.449828	       4.007692	     -10.965313	       4.508095	       1.238390	      -4.009752	       1.324432	       0.573551	      -1.648029
690.000000	      39.216644	      60.076741	       3.098744	     -18.356930	       1.978578	      -5.498405	       1.037192	      -2.326146	     -37.135133	       4.077058	     -11.086834	       4.573731	       1.265515	      -4.061504	       1.357272	       0.590869	      -1.676165
700.000000	      39.019729	      59.928747	       3.089868	     -18.613299	       1.993987	      -5.577732	       1.051819	      -2.369562	     -37.824493	       4.145082	     -11.205344	       4.637333	       1.292504	      -4.111357	       1.389382	       0.608015	      -1.703490
710.000000	      38.816596	      59.757523	       3.080643	     -18.866020	       2.008363	      -5.655220	       1.066212	      -2.411740	     -38.517922	       4.211791	     -11.320850	       4.698864	       1.319265	      -4.159267	       1.420767	       0.625091	      -1.729990
720.000000	      38.607513	      59.564182	       3.071044	     -19.114958	       2.021797	      -5.730769	       1.080262	      -2.452744	     -39.215426	       4.277254	     -11.433367	       4.758234	       1.345669	      -4.205196	       1.451479	       0.642211	      -1.755651
730.000000	      38.392738	      59.349808	       3.060998	     -19.360023	       2.034415	      -5.804240	       1.093838	      -2.492664	     -39.916993	       4.341573	     -11.542907	       4.815317	       1.371573	      -4.249115	       1.481609	       0.659480	      -1.780459
740.000000	      38.172502	      59.115477	       3.050406	     -19.601169	       2.046360	      -5.875462	       1.106815	      -2.531594	     -40.622570	       4.404862	     -11.649481	       4.869964	       1.396836	      -4.291002	       1.511267	       0.676977	      -1.804394
750.000000	      37.946994	      58.862254	       3.039156	     -19.838391	       2.057772	      -5.944257	       1.119088	      -2.569616	     -41.332062	       4.467221	     -11.753091	       4.922024	       1.421343	      -4.330846	       1.540561	       0.694742	      -1.827437
760.000000	      37.716350	      58.591190	       3.027150	     -20.071703	       2.068765	      -6.010456	       1.130592	      -2.606776	     -42.045328	       4.528718	     -11.853732	       4.971367	       1.445017	      -4.368643	       1.569576	       0.712762	      -1.849567
770.000000	      37.480654	      58.303309	       3.014322	     -20.301126	       2.079410	      -6.073921	       1.141313	      -2.643077	     -42.762180	       4.589369	     -11.951387	       5.017902	       1.467834	      -4.404397	       1.598357	       0.730976	      -1.870763
780.000000	      37.239945	      57.999597	       3.000652	     -20.526666	       2.089726	      -6.134560	       1.151292	      -2.678468	     -43.482395	       4.649134	     -12.046030	       5.061592	       1.489824	      -4.438117	       1.626896	       0.749275	      -1.891005
790.000000	      36.994229	      57.680982	       2.986178	     -20.748296	       2.099676	      -6.192336	       1.160621	      -2.712848	     -44.205729	       4.707913	     -12.137631	       5.102461	       1.511069	      -4.469811	       1.655131	       0.767518	      -1.910274
800.000000	      36.743495	      57.348318	       2.970992	     -20.965937	       2.109171	      -6.247268	       1.169428	      -2.746072	     -44.931932	       4.765556	     -12.226157	       5.140591	       1.531686	      -4.499487	       1.682948	       0.785549	      -1.928555
810.000000	      36.487744	      57.002379	       2.955228	     -21.179458	       2.118087	      -6.299421	       1.177864	      -2.777974	     -45.660768	       4.821881	     -12.311575	       5.176108	       1.551814	      -4.527145	       1.710198	       0.803219	      -1.945839
820.000000	      36.226999	      56.643849	       2.939051	     -21.388668	       2.126281	      -6.348895	       1.186077	      -2.808377	     -46.392031	       4.876699	     -12.393862	       5.209169	       1.571588	      -4.552780	       1.736715	       0.820404	      -1.962118
830.000000	      35.961327	      56.273329	       2.922633	     -21.593330	       2.133617	      -6.395803	       1.194193	      -2.837124	     -47.125553	       4.929832	     -12.473002	       5.239933	       1.591122	      -4.576377	       1.762337	       0.837024	      -1.977391
840.000000	      35.690848	      55.891342	       2.906127	     -21.793171	       2.139984	      -6.440249	       1.202296	      -2.864092	     -47.861213	       4.981143	     -12.548990	       5.268545	       1.610488	      -4.597919	       1.786931	       0.853053	      -1.991661
850.000000	      35.415735	      55.498354	       2.889652	     -21.987904	       2.145319	      -6.482306	       1.210418	      -2.889211	     -48.598937	       5.030547	     -12.621836	       5.295110	       1.629702	      -4.617380	       1.810410	       0.868522	      -2.004931
860.000000	      35.136210	      55.094788	       2.873271	     -22.177248	       2.149613	      -6.522002	       1.218531	      -2.912466	     -49.338689	       5.078024	     -12.691559	       5.319680	       1.648727	      -4.634738	       1.832743	       0.883512	      -2.017207
870.000000	      34.852531	      54.681051	       2.856989	     -22.360951	       2.152919	      -6.559307	       1.226551	      -2.933904	     -50.080460	       5.123619	     -12.758187	       5.342250	       1.667469	      -4.649970	       1.853962	       0.898146	      -2.028495
880.000000	      34.564971	      54.257549	       2.840751	     -22.538801	       2.155345	      -6.594136	       1.234353	      -2.953618	     -50.824252	       5.167430	     -12.821753	       5.362760	       1.685793	      -4.663062	       1.874155	       0.912568	      -2.038798
890.000000	      34.273804	      53.824708	       2.824451	     -22.710643	       2.157037	      -6.626351	       1.241787	      -2.971737	     -51.570058	       5.209592	     -12.882292	       5.381103	       1.703543	      -4.674008	       1.893453	       0.926924	      -2.048116
900.000000	      33.979275	      53.382981	       2.807952	     -22.876374	       2.158166	      -6.655782	       1.248698	      -2.988402	     -52.317844	       5.250252	     -12.939836	       5.397150	       1.720558	      -4.682815	       1.912008	       0.941335	      -2.056448
